2025-12-08 09:53:56,340 ERROR MyFlaskapp Unhandled exception
Traceback (most recent call last):
  File "C:\Users\Administrator\Downloads\GEMAO-FLASK (1)-20251205T044439Z-3-001\GEMAO-FLASK\.venv\Lib\site-packages\flask\app.py", line 917, in full_dispatch_request
    rv = self.dispatch_request()
  File "C:\Users\Administrator\Downloads\GEMAO-FLASK (1)-20251205T044439Z-3-001\GEMAO-FLASK\.venv\Lib\site-packages\flask\app.py", line 902, in dispatch_request
    return self.ensure_sync(self.view_functions[rule.endpoint])(**view_args)  # type: ignore[no-any-return]
           ~~~~~~~~~~~~~~~~~~~~~~~~~~~~~~~~~~~~~~~~~~~~~~~~~~~~^^^^^^^^^^^^^
  File "C:\Users\Administrator\Downloads\GEMAO-FLASK (1)-20251205T044439Z-3-001\GEMAO-FLASK\MyFlaskapp\blueprints\auth.py", line 79, in login
    session_token = create_session(user_obj.id, request.remote_addr, request.user_agent.string)
  File "C:\Users\Administrator\Downloads\GEMAO-FLASK (1)-20251205T044439Z-3-001\GEMAO-FLASK\MyFlaskapp\sessions.py", line 12, in create_session
    cursor = conn.cursor()
             ^^^^^^^^^^^
AttributeError: 'NoneType' object has no attribute 'cursor'
2025-12-08 09:54:04,211 ERROR MyFlaskapp Unhandled exception
Traceback (most recent call last):
  File "C:\Users\Administrator\Downloads\GEMAO-FLASK (1)-20251205T044439Z-3-001\GEMAO-FLASK\.venv\Lib\site-packages\flask\app.py", line 917, in full_dispatch_request
    rv = self.dispatch_request()
  File "C:\Users\Administrator\Downloads\GEMAO-FLASK (1)-20251205T044439Z-3-001\GEMAO-FLASK\.venv\Lib\site-packages\flask\app.py", line 902, in dispatch_request
    return self.ensure_sync(self.view_functions[rule.endpoint])(**view_args)  # type: ignore[no-any-return]
           ~~~~~~~~~~~~~~~~~~~~~~~~~~~~~~~~~~~~~~~~~~~~~~~~~~~~^^^^^^^^^^^^^
  File "C:\Users\Administrator\Downloads\GEMAO-FLASK (1)-20251205T044439Z-3-001\GEMAO-FLASK\MyFlaskapp\blueprints\auth.py", line 79, in login
    session_token = create_session(user_obj.id, request.remote_addr, request.user_agent.string)
  File "C:\Users\Administrator\Downloads\GEMAO-FLASK (1)-20251205T044439Z-3-001\GEMAO-FLASK\MyFlaskapp\sessions.py", line 12, in create_session
    cursor = conn.cursor()
             ^^^^^^^^^^^
AttributeError: 'NoneType' object has no attribute 'cursor'
2025-12-08 09:54:04,211 ERROR MyFlaskapp Unhandled exception
Traceback (most recent call last):
  File "C:\Users\Administrator\Downloads\GEMAO-FLASK (1)-20251205T044439Z-3-001\GEMAO-FLASK\.venv\Lib\site-packages\flask\app.py", line 917, in full_dispatch_request
    rv = self.dispatch_request()
  File "C:\Users\Administrator\Downloads\GEMAO-FLASK (1)-20251205T044439Z-3-001\GEMAO-FLASK\.venv\Lib\site-packages\flask\app.py", line 902, in dispatch_request
    return self.ensure_sync(self.view_functions[rule.endpoint])(**view_args)  # type: ignore[no-any-return]
           ~~~~~~~~~~~~~~~~~~~~~~~~~~~~~~~~~~~~~~~~~~~~~~~~~~~~^^^^^^^^^^^^^
  File "C:\Users\Administrator\Downloads\GEMAO-FLASK (1)-20251205T044439Z-3-001\GEMAO-FLASK\MyFlaskapp\blueprints\auth.py", line 79, in login
    session_token = create_session(user_obj.id, request.remote_addr, request.user_agent.string)
  File "C:\Users\Administrator\Downloads\GEMAO-FLASK (1)-20251205T044439Z-3-001\GEMAO-FLASK\MyFlaskapp\sessions.py", line 12, in create_session
    cursor = conn.cursor()
             ^^^^^^^^^^^
AttributeError: 'NoneType' object has no attribute 'cursor'
2025-12-08 10:08:04,580 ERROR MyFlaskapp Unhandled exception
Traceback (most recent call last):
  File "C:\Users\Administrator\Downloads\GEMAO-FLASK (1)-20251205T044439Z-3-001\GEMAO-FLASK\.venv\Lib\site-packages\mysql\connector\connection_cext.py", line 772, in cmd_query
    self._cmysql.query(
    ~~~~~~~~~~~~~~~~~~^
        query,
        ^^^^^^
    ...<3 lines>...
        query_attrs=self.query_attrs,
        ^^^^^^^^^^^^^^^^^^^^^^^^^^^^^
    )
    ^
_mysql_connector.MySQLInterfaceError: Table 'gemao_db.user_sessions' doesn't exist

The above exception was the direct cause of the following exception:

Traceback (most recent call last):
  File "C:\Users\Administrator\Downloads\GEMAO-FLASK (1)-20251205T044439Z-3-001\GEMAO-FLASK\.venv\Lib\site-packages\flask\app.py", line 917, in full_dispatch_request
    rv = self.dispatch_request()
  File "C:\Users\Administrator\Downloads\GEMAO-FLASK (1)-20251205T044439Z-3-001\GEMAO-FLASK\.venv\Lib\site-packages\flask\app.py", line 902, in dispatch_request
    return self.ensure_sync(self.view_functions[rule.endpoint])(**view_args)  # type: ignore[no-any-return]
           ~~~~~~~~~~~~~~~~~~~~~~~~~~~~~~~~~~~~~~~~~~~~~~~~~~~~^^^^^^^^^^^^^
  File "C:\Users\Administrator\Downloads\GEMAO-FLASK (1)-20251205T044439Z-3-001\GEMAO-FLASK\MyFlaskapp\blueprints\auth.py", line 79, in login
    session_token = create_session(user_obj.id, request.remote_addr, request.user_agent.string)
  File "C:\Users\Administrator\Downloads\GEMAO-FLASK (1)-20251205T044439Z-3-001\GEMAO-FLASK\MyFlaskapp\sessions.py", line 16, in create_session
    cursor.execute(
    ~~~~~~~~~~~~~~^
        """
        ^^^
    ...<3 lines>...
        (user_id, session_token, ip_address, user_agent, expires_at)
        ^^^^^^^^^^^^^^^^^^^^^^^^^^^^^^^^^^^^^^^^^^^^^^^^^^^^^^^^^^^^
    )
    ^
  File "C:\Users\Administrator\Downloads\GEMAO-FLASK (1)-20251205T044439Z-3-001\GEMAO-FLASK\.venv\Lib\site-packages\mysql\connector\cursor_cext.py", line 353, in execute
    self._connection.cmd_query(
    ~~~~~~~~~~~~~~~~~~~~~~~~~~^
        self._stmt_partition["mappable_stmt"],
        ^^^^^^^^^^^^^^^^^^^^^^^^^^^^^^^^^^^^^^
    ...<2 lines>...
        raw_as_string=self._raw_as_string,
        ^^^^^^^^^^^^^^^^^^^^^^^^^^^^^^^^^^
    )
    ^
  File "C:\Users\Administrator\Downloads\GEMAO-FLASK (1)-20251205T044439Z-3-001\GEMAO-FLASK\.venv\Lib\site-packages\mysql\connector\opentelemetry\context_propagation.py", line 97, in wrapper
    return method(cnx, *args, **kwargs)
  File "C:\Users\Administrator\Downloads\GEMAO-FLASK (1)-20251205T044439Z-3-001\GEMAO-FLASK\.venv\Lib\site-packages\mysql\connector\connection_cext.py", line 781, in cmd_query
    raise get_mysql_exception(
        err.errno, msg=err.msg, sqlstate=err.sqlstate
    ) from err
mysql.connector.errors.ProgrammingError: 1146 (42S02): Table 'gemao_db.user_sessions' doesn't exist
2025-12-08 10:08:43,156 ERROR MyFlaskapp Unhandled exception
Traceback (most recent call last):
  File "C:\Users\Administrator\Downloads\GEMAO-FLASK (1)-20251205T044439Z-3-001\GEMAO-FLASK\.venv\Lib\site-packages\mysql\connector\connection_cext.py", line 772, in cmd_query
    self._cmysql.query(
    ~~~~~~~~~~~~~~~~~~^
        query,
        ^^^^^^
    ...<3 lines>...
        query_attrs=self.query_attrs,
        ^^^^^^^^^^^^^^^^^^^^^^^^^^^^^
    )
    ^
_mysql_connector.MySQLInterfaceError: Table 'gemao_db.user_sessions' doesn't exist

The above exception was the direct cause of the following exception:

Traceback (most recent call last):
  File "C:\Users\Administrator\Downloads\GEMAO-FLASK (1)-20251205T044439Z-3-001\GEMAO-FLASK\.venv\Lib\site-packages\flask\app.py", line 917, in full_dispatch_request
    rv = self.dispatch_request()
  File "C:\Users\Administrator\Downloads\GEMAO-FLASK (1)-20251205T044439Z-3-001\GEMAO-FLASK\.venv\Lib\site-packages\flask\app.py", line 902, in dispatch_request
    return self.ensure_sync(self.view_functions[rule.endpoint])(**view_args)  # type: ignore[no-any-return]
           ~~~~~~~~~~~~~~~~~~~~~~~~~~~~~~~~~~~~~~~~~~~~~~~~~~~~^^^^^^^^^^^^^
  File "C:\Users\Administrator\Downloads\GEMAO-FLASK (1)-20251205T044439Z-3-001\GEMAO-FLASK\MyFlaskapp\blueprints\auth.py", line 79, in login
    session_token = create_session(user_obj.id, request.remote_addr, request.user_agent.string)
  File "C:\Users\Administrator\Downloads\GEMAO-FLASK (1)-20251205T044439Z-3-001\GEMAO-FLASK\MyFlaskapp\sessions.py", line 16, in create_session
    cursor.execute(
    ~~~~~~~~~~~~~~^
        """
        ^^^
    ...<3 lines>...
        (user_id, session_token, ip_address, user_agent, expires_at)
        ^^^^^^^^^^^^^^^^^^^^^^^^^^^^^^^^^^^^^^^^^^^^^^^^^^^^^^^^^^^^
    )
    ^
  File "C:\Users\Administrator\Downloads\GEMAO-FLASK (1)-20251205T044439Z-3-001\GEMAO-FLASK\.venv\Lib\site-packages\mysql\connector\cursor_cext.py", line 353, in execute
    self._connection.cmd_query(
    ~~~~~~~~~~~~~~~~~~~~~~~~~~^
        self._stmt_partition["mappable_stmt"],
        ^^^^^^^^^^^^^^^^^^^^^^^^^^^^^^^^^^^^^^
    ...<2 lines>...
        raw_as_string=self._raw_as_string,
        ^^^^^^^^^^^^^^^^^^^^^^^^^^^^^^^^^^
    )
    ^
  File "C:\Users\Administrator\Downloads\GEMAO-FLASK (1)-20251205T044439Z-3-001\GEMAO-FLASK\.venv\Lib\site-packages\mysql\connector\opentelemetry\context_propagation.py", line 97, in wrapper
    return method(cnx, *args, **kwargs)
  File "C:\Users\Administrator\Downloads\GEMAO-FLASK (1)-20251205T044439Z-3-001\GEMAO-FLASK\.venv\Lib\site-packages\mysql\connector\connection_cext.py", line 781, in cmd_query
    raise get_mysql_exception(
        err.errno, msg=err.msg, sqlstate=err.sqlstate
    ) from err
mysql.connector.errors.ProgrammingError: 1146 (42S02): Table 'gemao_db.user_sessions' doesn't exist
2025-12-08 10:43:58,277 ERROR MyFlaskapp Unhandled exception
Traceback (most recent call last):
  File "C:\Users\Administrator\Downloads\GEMAO-FLASK (1)-20251205T044439Z-3-001\GEMAO-FLASK\.venv\Lib\site-packages\flask\app.py", line 917, in full_dispatch_request
    rv = self.dispatch_request()
  File "C:\Users\Administrator\Downloads\GEMAO-FLASK (1)-20251205T044439Z-3-001\GEMAO-FLASK\.venv\Lib\site-packages\flask\app.py", line 902, in dispatch_request
    return self.ensure_sync(self.view_functions[rule.endpoint])(**view_args)  # type: ignore[no-any-return]
           ~~~~~~~~~~~~~~~~~~~~~~~~~~~~~~~~~~~~~~~~~~~~~~~~~~~~^^^^^^^^^^^^^
  File "C:\Users\Administrator\Downloads\GEMAO-FLASK (1)-20251205T044439Z-3-001\GEMAO-FLASK\MyFlaskapp\blueprints\admin.py", line 27, in dashboard
    return render_template('admin/dashboard.html', users=users)
  File "C:\Users\Administrator\Downloads\GEMAO-FLASK (1)-20251205T044439Z-3-001\GEMAO-FLASK\.venv\Lib\site-packages\flask\templating.py", line 150, in render_template
    return _render(app, template, context)
  File "C:\Users\Administrator\Downloads\GEMAO-FLASK (1)-20251205T044439Z-3-001\GEMAO-FLASK\.venv\Lib\site-packages\flask\templating.py", line 131, in _render
    rv = template.render(context)
  File "C:\Users\Administrator\Downloads\GEMAO-FLASK (1)-20251205T044439Z-3-001\GEMAO-FLASK\.venv\Lib\site-packages\jinja2\environment.py", line 1295, in render
    self.environment.handle_exception()
    ~~~~~~~~~~~~~~~~~~~~~~~~~~~~~~~~~^^
  File "C:\Users\Administrator\Downloads\GEMAO-FLASK (1)-20251205T044439Z-3-001\GEMAO-FLASK\.venv\Lib\site-packages\jinja2\environment.py", line 942, in handle_exception
    raise rewrite_traceback_stack(source=source)
  File "C:\Users\Administrator\Downloads\GEMAO-FLASK (1)-20251205T044439Z-3-001\GEMAO-FLASK\MyFlaskapp\templates\admin\dashboard.html", line 1, in top-level template code
    {% extends "admin/base.html" %}
    ^^^^^^^^^^^^^^^^^^^^^^^^^
  File "C:\Users\Administrator\Downloads\GEMAO-FLASK (1)-20251205T044439Z-3-001\GEMAO-FLASK\MyFlaskapp\templates\admin\base.html", line 1, in top-level template code
    {% extends "base.html" %}
  File "C:\Users\Administrator\Downloads\GEMAO-FLASK (1)-20251205T044439Z-3-001\GEMAO-FLASK\MyFlaskapp\templates\base.html", line 58, in top-level template code
    {% block content %}{% endblock %}
    ^^^^^^^^^^^^^^^^^
  File "C:\Users\Administrator\Downloads\GEMAO-FLASK (1)-20251205T044439Z-3-001\GEMAO-FLASK\MyFlaskapp\templates\admin\base.html", line 11, in block 'content'
    <a href="{{ url_for('admin.leaderboard_management') }}" class="list-group-item list-group-item-action {% if request.endpoint == 'admin.leaderboard_management' %}active{% endif %}">Leaderboard</a>
    ^^^^^^^^^^^^^
  File "C:\Users\Administrator\Downloads\GEMAO-FLASK (1)-20251205T044439Z-3-001\GEMAO-FLASK\.venv\Lib\site-packages\flask\app.py", line 1121, in url_for
    return self.handle_url_build_error(error, endpoint, values)
           ~~~~~~~~~~~~~~~~~~~~~~~~~~~^^^^^^^^^^^^^^^^^^^^^^^^^
  File "C:\Users\Administrator\Downloads\GEMAO-FLASK (1)-20251205T044439Z-3-001\GEMAO-FLASK\.venv\Lib\site-packages\flask\app.py", line 1110, in url_for
    rv = url_adapter.build(  # type: ignore[union-attr]
        endpoint,
    ...<3 lines>...
        force_external=_external,
    )
  File "C:\Users\Administrator\Downloads\GEMAO-FLASK (1)-20251205T044439Z-3-001\GEMAO-FLASK\.venv\Lib\site-packages\werkzeug\routing\map.py", line 924, in build
    raise BuildError(endpoint, values, method, self)
werkzeug.routing.exceptions.BuildError: Could not build url for endpoint 'admin.leaderboard_management'. Did you mean 'leaderboard.get_game_stats' instead?
